<?xml version="1.0" encoding="UTF-8"?>
<!-- Generated by org.testng.reporters.JUnitReportReporter -->
<testsuite hostname="poorvid" failures="0" tests="1" name="demo.testng.secondTest" time="75.973" errors="0" timestamp="2021-12-22T11:54:20 IST" skipped="0">
  <testcase classname="demo.testng.secondTest" name="secondclasstest" time="75.973"/>
  <system-out/>
</testsuite> <!-- demo.testng.secondTest -->
