<?xml version="1.0" encoding="UTF-8"?>
<!-- Generated by org.testng.reporters.JUnitReportReporter -->
<testsuite hostname="poorvid" failures="0" tests="1" name="demo.testng.fourthTest" time="8.870" errors="0" timestamp="2021-12-30T12:42:49 IST" skipped="0">
  <testcase classname="demo.testng.fourthTest" name="fourthclasstest" time="8.870"/>
  <system-out/>
</testsuite> <!-- demo.testng.fourthTest -->
