<?xml version="1.0" encoding="UTF-8"?>
<!-- Generated by org.testng.reporters.JUnitReportReporter -->
<testsuite hostname="poorvid" failures="0" tests="1" name="demo.testng.secondTest" time="5.012" errors="0" timestamp="2021-12-30T12:42:49 IST" skipped="0">
  <testcase classname="demo.testng.secondTest" name="secondclasstest" time="5.012"/>
  <system-out/>
</testsuite> <!-- demo.testng.secondTest -->
