<?xml version="1.0" encoding="UTF-8"?>
<!-- Generated by org.testng.reporters.JUnitReportReporter -->
<testsuite hostname="poorvid" failures="0" tests="2" name="demo.testng.firstTest" time="22.169" errors="0" timestamp="2021-12-30T12:42:49 IST" skipped="0">
  <testcase classname="demo.testng.firstTest" name="firstclasstesttwo" time="0.000"/>
  <system-out/>
  <testcase classname="demo.testng.firstTest" name="firstclasstest" time="22.169"/>
  <system-out/>
</testsuite> <!-- demo.testng.firstTest -->
