<?xml version="1.0" encoding="UTF-8"?>
<!-- Generated by org.testng.reporters.JUnitReportReporter -->
<testsuite hostname="poorvid" failures="0" tests="1" name="demo.testng.thirdTest" time="13.880" errors="0" timestamp="2021-12-30T12:42:49 IST" skipped="0">
  <testcase classname="demo.testng.thirdTest" name="thirdclasstest" time="13.880"/>
  <system-out/>
</testsuite> <!-- demo.testng.thirdTest -->
